2025-11-18 14:30:42,838 - INFO - Loaded 29768 samples, embedding dim: 1024
2025-11-18 14:30:42,839 - INFO - Label distribution: Counter({'angry': 5084, 'disgust': 5084, 'fear': 5084, 'happy': 5084, 'sad': 5084, 'neutral': 4348})
2025-11-18 14:30:42,842 - INFO - Starting 5-fold cross-validation
2025-11-18 14:30:42,851 - INFO - 
--- Fold 1/5 ---
2025-11-18 14:30:43,234 - INFO - Class weights: {np.int64(0): np.float64(0.9759036144578314), np.int64(1): np.float64(0.9759036144578314), np.int64(2): np.float64(0.9759036144578314), np.int64(3): np.float64(0.9759036144578314), np.int64(4): np.float64(1.1408450704225352), np.int64(5): np.float64(0.9759036144578314)}
2025-11-18 14:30:43,234 - INFO - Training SVM-RBF classifier
2025-11-18 14:33:54,180 - INFO - Fold 1 - Acc: 0.7926, F1(weighted): 0.7922, F1(macro): 0.7931
2025-11-18 14:33:54,180 - INFO - 
--- Fold 2/5 ---
2025-11-18 14:33:54,355 - INFO - Class weights: {np.int64(0): np.float64(0.9759036144578314), np.int64(1): np.float64(0.9759036144578314), np.int64(2): np.float64(0.9759036144578314), np.int64(3): np.float64(0.9756637168141593), np.int64(4): np.float64(1.1411730879815987), np.int64(5): np.float64(0.9759036144578314)}
2025-11-18 14:33:54,355 - INFO - Training SVM-RBF classifier
2025-11-18 14:36:59,111 - INFO - Fold 2 - Acc: 0.7906, F1(weighted): 0.7902, F1(macro): 0.7906
2025-11-18 14:36:59,111 - INFO - 
--- Fold 3/5 ---
2025-11-18 14:36:59,288 - INFO - Class weights: {np.int64(0): np.float64(0.9759036144578314), np.int64(1): np.float64(0.9759036144578314), np.int64(2): np.float64(0.9756637168141593), np.int64(3): np.float64(0.9759036144578314), np.int64(4): np.float64(1.1411730879815987), np.int64(5): np.float64(0.9759036144578314)}
2025-11-18 14:36:59,288 - INFO - Training SVM-RBF classifier
2025-11-18 14:40:07,407 - INFO - Fold 3 - Acc: 0.7896, F1(weighted): 0.7896, F1(macro): 0.7903
2025-11-18 14:40:07,407 - INFO - 
--- Fold 4/5 ---
2025-11-18 14:40:07,582 - INFO - Class weights: {np.int64(0): np.float64(0.975944594705352), np.int64(1): np.float64(0.9757046869878728), np.int64(2): np.float64(0.975944594705352), np.int64(3): np.float64(0.975944594705352), np.int64(4): np.float64(1.141221008242285), np.int64(5): np.float64(0.9757046869878728)}
2025-11-18 14:40:07,582 - INFO - Training SVM-RBF classifier
2025-11-18 14:43:14,380 - INFO - Fold 4 - Acc: 0.7929, F1(weighted): 0.7923, F1(macro): 0.7928
2025-11-18 14:43:14,380 - INFO - 
--- Fold 5/5 ---
2025-11-18 14:43:14,565 - INFO - Class weights: {np.int64(0): np.float64(0.9757046869878728), np.int64(1): np.float64(0.975944594705352), np.int64(2): np.float64(0.975944594705352), np.int64(3): np.float64(0.975944594705352), np.int64(4): np.float64(1.1408929769090734), np.int64(5): np.float64(0.975944594705352)}
2025-11-18 14:43:14,565 - INFO - Training SVM-RBF classifier
2025-11-18 14:46:19,786 - INFO - Fold 5 - Acc: 0.7904, F1(weighted): 0.7902, F1(macro): 0.7904
2025-11-18 14:46:19,786 - INFO - 
Average Accuracy: 0.7912 ± 0.0013
2025-11-18 14:46:19,787 - INFO - Average F1 (weighted): 0.7909 ± 0.0011
2025-11-18 14:46:19,787 - INFO - Average F1 (macro): 0.7914 ± 0.0012
2025-11-18 14:46:19,788 - INFO - Saved CV results to /workspaces/-SpeechEmbeddings-WavLM/models/svm_cv_results.json
2025-11-18 14:46:19,789 - INFO - 
--- Training final model on full dataset ---
2025-11-18 14:46:19,981 - INFO - Class weights: {np.int64(0): np.float64(0.9759036144578314), np.int64(1): np.float64(0.9759036144578314), np.int64(2): np.float64(0.9759036144578314), np.int64(3): np.float64(0.9759036144578314), np.int64(4): np.float64(1.1408450704225352), np.int64(5): np.float64(0.9759036144578314)}
2025-11-18 14:46:19,981 - INFO - Training SVM-RBF classifier
2025-11-18 14:49:42,744 - INFO - 
🎯 Final Test Accuracy: 0.7998
2025-11-18 14:49:42,744 - INFO - 🎯 Final Test F1 (weighted): 0.7995
